<?xml version="1.0" encoding="UTF-8"?>
<!-- Generated by org.testng.reporters.JUnitReportReporter -->
<testsuite hostname="IMPETUS-NL235" failures="0" tests="2" name="cucumberOptions.TestRunner" time="0.100" errors="0" timestamp="2021-07-03T12:41:43 IST" skipped="0">
  <testcase classname="cucumberOptions.TestRunner" name="feature" time="0.063"/>
  <system-out/>
  <testcase classname="cucumberOptions.TestRunner" name="feature" time="0.037"/>
  <system-out/>
</testsuite> <!-- cucumberOptions.TestRunner -->
