<?xml version="1.0" encoding="UTF-8"?>
<!-- Generated by org.testng.reporters.JUnitReportReporter -->
<testsuite hostname="IMPETUS-NL235" failures="0" tests="1" name="cucumberOptions.TestRunnerTestNG" time="0.091" errors="0" timestamp="2021-07-03T12:35:16 IST" skipped="0">
  <testcase classname="cucumberOptions.TestRunnerTestNG" name="feature" time="0.091"/>
  <system-out/>
</testsuite> <!-- cucumberOptions.TestRunnerTestNG -->
